Started by user [8mha:////4PlJ7SKCPpM5Dqm0fbpYpTI2hKCOw9lsTKUvKBruQY28AAAAmB+LCAAAAAAAAP9b85aBtbiIQTGjNKU4P08vOT+vOD8nVc83PyU1x6OyILUoJzMv2y+/JJUBAhiZGBgqihhk0NSjKDWzXb3RdlLBUSYGJk8GtpzUvPSSDB8G5tKinBIGIZ+sxLJE/ZzEvHT94JKizLx0a6BxUmjGOUNodHsLgAz2EgYe/dLi1CL9vMSi1OIMANjIKNHBAAAA[0mnareshb
Building on master in workspace C:\Users\administrator.SIMPSONS\.jenkins\workspace\test1
No credentials specified
Cloning the remote Git repository
Cloning repository https://github.com/nareshbandi123/test123.git
 > C:\Program Files\Git\bin\git.exe init C:\Users\administrator.SIMPSONS\.jenkins\workspace\test1 # timeout=10
Fetching upstream changes from https://github.com/nareshbandi123/test123.git
 > C:\Program Files\Git\bin\git.exe --version # timeout=10
 > C:\Program Files\Git\bin\git.exe fetch --tags --force --progress https://github.com/nareshbandi123/test123.git +refs/heads/*:refs/remotes/origin/*
 > C:\Program Files\Git\bin\git.exe config remote.origin.url https://github.com/nareshbandi123/test123.git # timeout=10
 > C:\Program Files\Git\bin\git.exe config --add remote.origin.fetch +refs/heads/*:refs/remotes/origin/* # timeout=10
 > C:\Program Files\Git\bin\git.exe config remote.origin.url https://github.com/nareshbandi123/test123.git # timeout=10
Fetching upstream changes from https://github.com/nareshbandi123/test123.git
 > C:\Program Files\Git\bin\git.exe fetch --tags --force --progress https://github.com/nareshbandi123/test123.git +refs/heads/*:refs/remotes/origin/*
 > C:\Program Files\Git\bin\git.exe rev-parse "refs/remotes/origin/full7mar^{commit}" # timeout=10
 > C:\Program Files\Git\bin\git.exe rev-parse "refs/remotes/origin/origin/full7mar^{commit}" # timeout=10
Checking out Revision 2c45bc856c130b4724c7a1e1ac458f9d27bcba0d (refs/remotes/origin/full7mar)
 > C:\Program Files\Git\bin\git.exe config core.sparsecheckout # timeout=10
 > C:\Program Files\Git\bin\git.exe checkout -f 2c45bc856c130b4724c7a1e1ac458f9d27bcba0d
Commit message: "modified all test cases of ank as per new rep"
First time build. Skipping changelog.
Path To MSBuild.exe: C:\Windows\Microsoft.NET\Framework\v4.0.30319\msbuild.exe
Executing the command cmd.exe /C " chcp 1252 & C:\Windows\Microsoft.NET\Framework\v4.0.30319\msbuild.exe ./SQLDMTestAutomation/SQLDMTestAutomation.sln " && exit %%ERRORLEVEL%% from C:\Users\administrator.SIMPSONS\.jenkins\workspace\test1
[test1] $ cmd.exe /C " chcp 1252 & C:\Windows\Microsoft.NET\Framework\v4.0.30319\msbuild.exe ./SQLDMTestAutomation/SQLDMTestAutomation.sln " && exit %%ERRORLEVEL%%
Active code page: 1252
Microsoft (R) Build Engine version 4.7.3062.0
[Microsoft .NET Framework, version 4.0.30319.42000]
Copyright (C) Microsoft Corporation. All rights reserved.

Building the projects in this solution one at a time. To enable parallel build, please add the "/m" switch.
Build started 3/18/2019 11:49:05 PM.
Project "C:\Users\administrator.SIMPSONS\.jenkins\workspace\test1\SQLDMTestAutomation\SQLDMTestAutomation.sln" on node 1 (default targets).
ValidateSolutionConfiguration:
  Building solution configuration "Debug|x86".
Project "C:\Users\administrator.SIMPSONS\.jenkins\workspace\test1\SQLDMTestAutomation\SQLDMTestAutomation.sln" (1) is building "C:\Users\administrator.SIMPSONS\.jenkins\workspace\test1\SQLDMTestAutomation\SQLDMTestAutomation\SQLDMTestAutomation.csproj" (2) on node 1 (default targets).
RemoveSolutionSettings:
  Deleting file "bin\Debug\Ranorex.rxsettings".
CopySolutionSettings:
  Copying file from "C:\Users\administrator.SIMPSONS\.jenkins\workspace\test1\SQLDMTestAutomation\Ranorex.rxsettings" to "bin\Debug\Ranorex.rxsettings".
CoreCompile:
  C:\Windows\Microsoft.NET\Framework\v4.0.30319\Csc.exe /noconfig /checked+ /nowarn:1701,1702 /nostdlib+ /platform:x86 /define:DEBUG;TRACE /main:__RxMain.__RxProgram /highentropyva+ /reference:"C:\Program Files (x86)\Reference Assemblies\Microsoft\Framework\.NETFramework\v4.5.2\mscorlib.dll" /reference:"C:\Program Files (x86)\Ranorex 8.2\Bin\Ranorex.Bootstrapper.dll" /reference:"C:\Program Files (x86)\Ranorex 8.2\Bin\Ranorex.Core.dll" /reference:"C:\Program Files (x86)\Ranorex 8.2\Bin\Ranorex.Core.Resolver.dll" /reference:"C:\Program Files (x86)\Ranorex 8.2\Bin\Ranorex.Plugin.Cef.dll" /reference:"C:\Program Files (x86)\Ranorex 8.2\Bin\Ranorex.Plugin.ChromeWeb.dll" /reference:"C:\Program Files (x86)\Ranorex 8.2\Bin\Ranorex.Plugin.Delphi.dll" /reference:"C:\Program Files (x86)\Ranorex 8.2\Bin\Ranorex.Plugin.FirefoxWeb.dll" /reference:"C:\Program Files (x86)\Ranorex 8.2\Bin\Ranorex.Plugin.Flex.dll" /reference:"C:\Program Files (x86)\Ranorex 8.2\Bin\Ranorex.Plugin.Java.dll" /reference:"C:\Program Files (x86)\Ranorex 8.2\Bin\Ranorex.Plugin.Mobile.dll" /reference:"C:\Program Files (x86)\Ranorex 8.2\Bin\Ranorex.Plugin.Msaa.dll" /reference:"C:\Program Files (x86)\Ranorex 8.2\Bin\Ranorex.Plugin.Office.dll" /reference:"C:\Program Files (x86)\Ranorex 8.2\Bin\Ranorex.Plugin.Qt.dll" /reference:"C:\Program Files (x86)\Ranorex 8.2\Bin\Ranorex.Plugin.RawText.dll" /reference:"C:\Program Files (x86)\Ranorex 8.2\Bin\Ranorex.Plugin.Sap.dll" /reference:"C:\Program Files (x86)\Ranorex 8.2\Bin\Ranorex.Plugin.Uia.dll" /reference:"C:\Program Files (x86)\Ranorex 8.2\Bin\Ranorex.Plugin.Web.dll" /reference:"C:\Program Files (x86)\Ranorex 8.2\Bin\Ranorex.Plugin.WebDriver.dll" /reference:"C:\Program Files (x86)\Ranorex 8.2\Bin\Ranorex.Plugin.Win32.dll" /reference:"C:\Program Files (x86)\Ranorex 8.2\Bin\Ranorex.Plugin.WinForms.dll" /reference:"C:\Program Files (x86)\Ranorex 8.2\Bin\Ranorex.Plugin.Wpf.dll" /reference:"C:\Program Files (x86)\Reference Assemblies\Microsoft\Framework\.NETFramework\v4.5.2\System.Core.dll" /reference:"C:\Program Files (x86)\Reference Assemblies\Microsoft\Framework\.NETFramework\v4.5.2\System.Data.DataSetExtensions.dll" /reference:"C:\Program Files (x86)\Reference Assemblies\Microsoft\Framework\.NETFramework\v4.5.2\System.Data.dll" /reference:"C:\Program Files (x86)\Reference Assemblies\Microsoft\Framework\.NETFramework\v4.5.2\System.dll" /reference:"C:\Program Files (x86)\Reference Assemblies\Microsoft\Framework\.NETFramework\v4.5.2\System.Drawing.dll" /reference:"C:\Program Files (x86)\Reference Assemblies\Microsoft\Framework\.NETFramework\v4.5.2\System.Windows.Forms.dll" /reference:"C:\Program Files (x86)\Reference Assemblies\Microsoft\Framework\.NETFramework\v4.5.2\System.Xml.dll" /reference:"C:\Program Files (x86)\Reference Assemblies\Microsoft\Framework\.NETFramework\v4.5.2\System.Xml.Linq.dll" /debug+ /debug:Full /optimize- /out:obj\x86\Debug\SQLDMTestAutomation.exe /subsystemversion:6.00 /target:exe /utf8output AssemblyInfo.cs Program.cs SQLDMRecordings\AddServerAndVerifyQueryPlanOptionEnabled.cs SQLDMRecordings\AddServerAndVerifyQueryPlanOptionEnabled.UserCode.cs SQLDMRecordings\CloseSQLDMApplication.cs SQLDMRecordings\CloseSQLDMApplication.UserCode.cs SQLDMRecordings\CloseMonitoredSqlServerWindow.cs SQLDMRecordings\CloseMonitoredSqlServerWindow.UserCode.cs SQLDMRecordings\CollapseAllServers.cs SQLDMRecordings\CollapseAllServers.UserCode.cs SQLDMRecordings\DisableQueryMonitor.cs SQLDMRecordings\DisableQueryMonitor.UserCode.cs SQLDMRecordings\EnableQueryMonitor.cs SQLDMRecordings\EnableQueryMonitor.UserCode.cs SQLDMRecordings\GlobalIconQuery.cs SQLDMRecordings\GlobalIconQuery.UserCode.cs SQLDMRecordings\LaunchApplication.cs SQLDMRecordings\LaunchApplication.UserCode.cs SQLDMRecordings\ListOfServers.cs SQLDMRecordings\ListOfServers.UserCode.cs SQLDMRecordings\ODEQPNDSQLSTMT.cs SQLDMRecordings\ODEQPNDSQLSTMT.UserCode.cs SQLDMRecordings\ODEQPWithNoData.cs SQLDMRecordings\ODEQPWithNoData.UserCode.cs SQLDMRecordings\OpenConfigureQueryMonitor.cs SQLDMRecordings\OpenConfigureQueryMonitor.UserCode.cs SQLDMRecordings\PerformQueryOperations.cs SQLDMRecordings\PerformQueryOperations.UserCode.cs SQLDMRecordings\PreconditionQueryMonitor.cs SQLDMRecordings\PreconditionQueryMonitor.UserCode.cs SQLDMRecordings\PreOnDemandEstimatedPlan.cs SQLDMRecordings\PreOnDemandEstimatedPlan.UserCode.cs SQLDMRecordings\QueriesTAB\ClickQueriesTab.cs SQLDMRecordings\QueriesTAB\ClickQueriesTab.UserCode.cs SQLDMRecordings\QueriesTAB\ClickWaitMonitoringTAB.cs SQLDMRecordings\QueriesTAB\ClickWaitMonitoringTAB.UserCode.cs SQLDMRecordings\QueriesTAB\NavigateToWaitMonitoring.cs SQLDMRecordings\QueriesTAB\NavigateToWaitMonitoring.UserCode.cs SQLDMRecordings\QueriesTAB\SelectQueryWaitForServers2017AndAbove.cs SQLDMRecordings\QueriesTAB\SelectQueryWaitForServers2017AndAbove.UserCode.cs SQLDMRecordings\RevertSelectTopToDefaultValue.cs SQLDMRecordings\RevertSelectTopToDefaultValue.UserCode.cs SQLDMRecordings\RunQueryForSQLStatement.cs SQLDMRecordings\RunQueryForSQLStatement.UserCode.cs SQLDMRecordings\RunQueryForStoredProcedure.cs SQLDMRecordings\RunQueryForStoredProcedure.UserCode.cs SQLDMRecordings\SelectQueryMonitorTab.cs SQLDMRecordings\SelectQueryMonitorTab.UserCode.cs SQLDMRecordings\SelectServer.cs SQLDMRecordings\SelectServer.UserCode.cs SQLDMRecordings\SelectSever2017Properties.cs SQLDMRecordings\SelectSever2017Properties.UserCode.cs SQLDMRecordings\SQLBatches.cs SQLDMRecordings\SQLBatches.UserCode.cs SQLDMRecordings\SQLStatement.cs SQLDMRecordings\SQLStatement.UserCode.cs SQLDMRecordings\StoredProcedures.cs SQLDMRecordings\StoredProcedures.UserCode.cs SQLDMRecordings\VerifyCollectQueryPlansToBeDisabled.cs SQLDMRecordings\VerifyCollectQueryPlansToBeDisabled.UserCode.cs SQLDMRecordings\Verifyquerydatadefaultcollectionoption.cs SQLDMRecordings\Verifyquerydatadefaultcollectionoption.UserCode.cs SQLDMRecordings\VerifyQueryStoreOption.cs SQLDMRecordings\VerifyQueryStoreOption.UserCode.cs SQLDMRecordings\VerifySelectByAndPlansBy.cs SQLDMRecordings\VerifySelectByAndPlansBy.UserCode.cs SQLDMRecordings\VerifySelectTopForMinMaxValues.cs SQLDMRecordings\VerifySelectTopForMinMaxValues.UserCode.cs SQLDMRecordings\VerifySelectTopToBeDisabled.cs SQLDMRecordings\VerifySelectTopToBeDisabled.UserCode.cs SQLDMRecordings\VerifySelectTopWithInvaildData.cs SQLDMRecordings\VerifySelectTopWithInvaildData.UserCode.cs SSMSRecordingds\ClickSQLdmRepositoryInLeftPanel.cs SSMSRecordingds\ClickSQLdmRepositoryInLeftPanel.UserCode.cs SSMSRecordingds\CloseSSMSApplication.cs SSMSRecordingds\CloseSSMSApplication.UserCode.cs SSMSRecordingds\ConnectToServer.cs SSMSRecordingds\ConnectToServer.UserCode.cs SSMSRecordingds\ExecuteQuery1.cs SSMSRecordingds\ExecuteQuery1.UserCode.cs SSMSRecordingds\LaunchSSMS.cs SSMSRecordingds\LaunchSSMS.UserCode.cs SSMSRecordingds\NewQueryContextMenu.cs SSMSRecordingds\NewQueryContextMenu.UserCode.cs SSMSRecordingds\ExecuteQuery.cs SSMSRecordingds\ExecuteQuery.UserCode.cs SSMSRecordingds\NextSqlFile.cs SSMSRecordingds\NextSqlFile.UserCode.cs SSMSRecordingds\VerifyMonitoredSQLServersTableColumns.cs SSMSRecordingds\VerifyMonitoredSQLServersTableColumns.UserCode.cs CommonMethods.cs UserCodeModule1.cs SQLDMTestAutomationRepository.cs C:\Users\administrator.SIMPSONS\.jenkins\workspace\test1\SQLDMTestAutomation\SQLDMTestAutomation\obj\x86\Debug\__RxPrograms.g.cs "C:\Users\administrator.SIMPSONS\AppData\Local\Temp\2\.NETFramework,Version=v4.5.2.AssemblyAttributes.cs"
[8mha:////4MvWYpgA6OyYI6MJWX0aoPmwC+OoK8/2uMAoufWGMTtVAAAAZx+LCAAAAAAAAP9b85aBtbiIQTOjNKU4P0+vIKc0PTOvWC+3OKk0MydFzzfYCUSHJxblZeal++WXpP65vH32HJ1TQkwMDBVFDFJQfcn5ecX5Oal6zhAapJABAhhBCgsAtVBXn2cAAAA=[0mSQLDMRecordings\CollapseAllServers.UserCode.cs(40,23): warning CS0219: The variable 'item' is assigned but its value is never used [C:\Users\administrator.SIMPSONS\.jenkins\workspace\test1\SQLDMTestAutomation\SQLDMTestAutomation\SQLDMTestAutomation.csproj]
[8mha:////4MvWYpgA6OyYI6MJWX0aoPmwC+OoK8/2uMAoufWGMTtVAAAAZx+LCAAAAAAAAP9b85aBtbiIQTOjNKU4P0+vIKc0PTOvWC+3OKk0MydFzzfYCUSHJxblZeal++WXpP65vH32HJ1TQkwMDBVFDFJQfcn5ecX5Oal6zhAapJABAhhBCgsAtVBXn2cAAAA=[0mSQLDMRecordings\CollapseAllServers.UserCode.cs(40,41): warning CS0219: The variable 'isFound' is assigned but its value is never used [C:\Users\administrator.SIMPSONS\.jenkins\workspace\test1\SQLDMTestAutomation\SQLDMTestAutomation\SQLDMTestAutomation.csproj]
[8mha:////4MvWYpgA6OyYI6MJWX0aoPmwC+OoK8/2uMAoufWGMTtVAAAAZx+LCAAAAAAAAP9b85aBtbiIQTOjNKU4P0+vIKc0PTOvWC+3OKk0MydFzzfYCUSHJxblZeal++WXpP65vH32HJ1TQkwMDBVFDFJQfcn5ecX5Oal6zhAapJABAhhBCgsAtVBXn2cAAAA=[0mSQLDMRecordings\ListOfServers.UserCode.cs(51,19): warning CS0219: The variable 'item' is assigned but its value is never used [C:\Users\administrator.SIMPSONS\.jenkins\workspace\test1\SQLDMTestAutomation\SQLDMTestAutomation\SQLDMTestAutomation.csproj]
[8mha:////4MvWYpgA6OyYI6MJWX0aoPmwC+OoK8/2uMAoufWGMTtVAAAAZx+LCAAAAAAAAP9b85aBtbiIQTOjNKU4P0+vIKc0PTOvWC+3OKk0MydFzzfYCUSHJxblZeal++WXpP65vH32HJ1TQkwMDBVFDFJQfcn5ecX5Oal6zhAapJABAhhBCgsAtVBXn2cAAAA=[0mCommonMethods.cs(56,19): warning CS0219: The variable 'item' is assigned but its value is never used [C:\Users\administrator.SIMPSONS\.jenkins\workspace\test1\SQLDMTestAutomation\SQLDMTestAutomation\SQLDMTestAutomation.csproj]
[8mha:////4MvWYpgA6OyYI6MJWX0aoPmwC+OoK8/2uMAoufWGMTtVAAAAZx+LCAAAAAAAAP9b85aBtbiIQTOjNKU4P0+vIKc0PTOvWC+3OKk0MydFzzfYCUSHJxblZeal++WXpP65vH32HJ1TQkwMDBVFDFJQfcn5ecX5Oal6zhAapJABAhhBCgsAtVBXn2cAAAA=[0mCommonMethods.cs(56,37): warning CS0219: The variable 'isFound' is assigned but its value is never used [C:\Users\administrator.SIMPSONS\.jenkins\workspace\test1\SQLDMTestAutomation\SQLDMTestAutomation\SQLDMTestAutomation.csproj]
_CopyFilesMarkedCopyLocal:
  Copying file from "C:\Program Files (x86)\Ranorex 8.2\Bin\Ranorex.Core.Resolver.dll" to "bin\Debug\Ranorex.Core.Resolver.dll".
_CopyOutOfDateSourceItemsToOutputDirectory:
Skipping target "_CopyOutOfDateSourceItemsToOutputDirectory" because all output files are up-to-date with respect to the input files.
_CopyOutOfDateSourceItemsToOutputDirectoryAlways:
  Copying file from "C:\Users\administrator.SIMPSONS\.jenkins\workspace\test1\SQLDMTestAutomation\SQLDMTestAutomation\SQLDMTestAutomation.rxtmg" to "bin\Debug\SQLDMTestAutomation.rxtmg".
  Copying file from "C:\Users\administrator.SIMPSONS\.jenkins\workspace\test1\SQLDMTestAutomation\SQLDMTestAutomation\SQLDMTestAutomation.rxtst" to "bin\Debug\SQLDMTestAutomation.rxtst".
_CopyAppConfigFile:
  Copying file from "app.config" to "bin\Debug\SQLDMTestAutomation.exe.config".
CopyFilesToOutputDirectory:
  Copying file from "obj\x86\Debug\SQLDMTestAutomation.exe" to "bin\Debug\SQLDMTestAutomation.exe".
  SQLDMTestAutomation -> C:\Users\administrator.SIMPSONS\.jenkins\workspace\test1\SQLDMTestAutomation\SQLDMTestAutomation\bin\Debug\SQLDMTestAutomation.exe
  Copying file from "obj\x86\Debug\SQLDMTestAutomation.pdb" to "bin\Debug\SQLDMTestAutomation.pdb".
Done Building Project "C:\Users\administrator.SIMPSONS\.jenkins\workspace\test1\SQLDMTestAutomation\SQLDMTestAutomation\SQLDMTestAutomation.csproj" (default targets).
Done Building Project "C:\Users\administrator.SIMPSONS\.jenkins\workspace\test1\SQLDMTestAutomation\SQLDMTestAutomation.sln" (default targets).

Build succeeded.

"C:\Users\administrator.SIMPSONS\.jenkins\workspace\test1\SQLDMTestAutomation\SQLDMTestAutomation.sln" (default target) (1) ->
"C:\Users\administrator.SIMPSONS\.jenkins\workspace\test1\SQLDMTestAutomation\SQLDMTestAutomation\SQLDMTestAutomation.csproj" (default target) (2) ->
(CoreCompile target) -> 
[8mha:////4MvWYpgA6OyYI6MJWX0aoPmwC+OoK8/2uMAoufWGMTtVAAAAZx+LCAAAAAAAAP9b85aBtbiIQTOjNKU4P0+vIKc0PTOvWC+3OKk0MydFzzfYCUSHJxblZeal++WXpP65vH32HJ1TQkwMDBVFDFJQfcn5ecX5Oal6zhAapJABAhhBCgsAtVBXn2cAAAA=[0m  SQLDMRecordings\CollapseAllServers.UserCode.cs(40,23): warning CS0219: The variable 'item' is assigned but its value is never used [C:\Users\administrator.SIMPSONS\.jenkins\workspace\test1\SQLDMTestAutomation\SQLDMTestAutomation\SQLDMTestAutomation.csproj]
[8mha:////4MvWYpgA6OyYI6MJWX0aoPmwC+OoK8/2uMAoufWGMTtVAAAAZx+LCAAAAAAAAP9b85aBtbiIQTOjNKU4P0+vIKc0PTOvWC+3OKk0MydFzzfYCUSHJxblZeal++WXpP65vH32HJ1TQkwMDBVFDFJQfcn5ecX5Oal6zhAapJABAhhBCgsAtVBXn2cAAAA=[0m  SQLDMRecordings\CollapseAllServers.UserCode.cs(40,41): warning CS0219: The variable 'isFound' is assigned but its value is never used [C:\Users\administrator.SIMPSONS\.jenkins\workspace\test1\SQLDMTestAutomation\SQLDMTestAutomation\SQLDMTestAutomation.csproj]
[8mha:////4MvWYpgA6OyYI6MJWX0aoPmwC+OoK8/2uMAoufWGMTtVAAAAZx+LCAAAAAAAAP9b85aBtbiIQTOjNKU4P0+vIKc0PTOvWC+3OKk0MydFzzfYCUSHJxblZeal++WXpP65vH32HJ1TQkwMDBVFDFJQfcn5ecX5Oal6zhAapJABAhhBCgsAtVBXn2cAAAA=[0m  SQLDMRecordings\ListOfServers.UserCode.cs(51,19): warning CS0219: The variable 'item' is assigned but its value is never used [C:\Users\administrator.SIMPSONS\.jenkins\workspace\test1\SQLDMTestAutomation\SQLDMTestAutomation\SQLDMTestAutomation.csproj]
[8mha:////4MvWYpgA6OyYI6MJWX0aoPmwC+OoK8/2uMAoufWGMTtVAAAAZx+LCAAAAAAAAP9b85aBtbiIQTOjNKU4P0+vIKc0PTOvWC+3OKk0MydFzzfYCUSHJxblZeal++WXpP65vH32HJ1TQkwMDBVFDFJQfcn5ecX5Oal6zhAapJABAhhBCgsAtVBXn2cAAAA=[0m  CommonMethods.cs(56,19): warning CS0219: The variable 'item' is assigned but its value is never used [C:\Users\administrator.SIMPSONS\.jenkins\workspace\test1\SQLDMTestAutomation\SQLDMTestAutomation\SQLDMTestAutomation.csproj]
[8mha:////4MvWYpgA6OyYI6MJWX0aoPmwC+OoK8/2uMAoufWGMTtVAAAAZx+LCAAAAAAAAP9b85aBtbiIQTOjNKU4P0+vIKc0PTOvWC+3OKk0MydFzzfYCUSHJxblZeal++WXpP65vH32HJ1TQkwMDBVFDFJQfcn5ecX5Oal6zhAapJABAhhBCgsAtVBXn2cAAAA=[0m  CommonMethods.cs(56,37): warning CS0219: The variable 'isFound' is assigned but its value is never used [C:\Users\administrator.SIMPSONS\.jenkins\workspace\test1\SQLDMTestAutomation\SQLDMTestAutomation\SQLDMTestAutomation.csproj]

    5 Warning(s)
    0 Error(s)

Time Elapsed 00:00:10.76
Reportpath to merge. Base: C:\Users\administrator.SIMPSONS\.jenkins\workspace\test1\SQLDMTestAutomation\SQLDMTestAutomation\ Relative: ./Reports/Current
Merged path: C:\Users\administrator.SIMPSONS\.jenkins\workspace\test1\SQLDMTestAutomation\SQLDMTestAutomation\\Reports\Current
Executing : cmd.exe /C SQLDMTestAutomation.exe /runconfig:TestRun /reportfile:C:\Users\administrator.SIMPSONS\.jenkins\workspace\test1\SQLDMTestAutomation\SQLDMTestAutomation\\Reports\Current\current-report.rxlog
[SQLDMTestAutomation] $ cmd.exe /C SQLDMTestAutomation.exe /runconfig:TestRun /reportfile:C:\Users\administrator.SIMPSONS\.jenkins\workspace\test1\SQLDMTestAutomation\SQLDMTestAutomation\\Reports\Current\current-report.rxlog
'SQLDMTestAutomation.exe' is not recognized as an internal or external command,
operable program or batch file.
Build step 'Run a Ranorex test suite' changed build result to FAILURE
Recording test results
ERROR: Step ‘Publish JUnit test result report’ failed: No test report files were found. Configuration error?
Finished: FAILURE
