<?xml version='1.1' encoding='UTF-8'?>
<result plugin="junit@1.27">
  <suites>
    <suite>
      <file>C:\Users\administrator.SIMPSONS\.jenkins\workspace\test1\SQLDMTestAutomation\SQLDMTestAutomation\bin\Debug\Reports\current-report.rxlog.junit.xml</file>
      <name>SQLDMTestAutomation</name>
      <duration>1.0</duration>
      <timestamp>2019-03-19T07:25:58</timestamp>
      <time>1</time>
      <enclosingBlocks/>
      <enclosingBlockNames/>
      <cases>
        <case>
          <duration>1.0</duration>
          <className>SQLDMTestAutomation</className>
          <testName>C166355_Verify_Query_Store_option_is_NOT_selected_by_default_for_2017_and_above_versions</testName>
          <skipped>false</skipped>
          <errorStackTrace>---[Error] Failed to run application &apos;C:\Program Files\Idera\Idera SQL diagnostic manager\SQLdmDesktopClient.exe&apos;.&lt;br/&gt;The system cannot find the file specified---
	[modulepath] SQLDMTestAutomation\C166355_Verify_Query_Store_option_is_NOT_selected_by_default_for_2017_and_above_versions\LaunchApplication
	[stacktrace]    at Ranorex.Host.RunApplication(String fileName, String arguments, String workingDirectory, Boolean maximized)
   at SQLDMTestAutomation.SQLDMRecordings.LaunchApplication.Ranorex.Core.Testing.ITestModule.Run() in c:\Users\administrator.SIMPSONS\AnkammaRao\repos\test123\SQLDMTestAutomation\SQLDMTestAutomation\SQLDMRecordings\LaunchApplication.cs:line 92
   at Ranorex.Core.Testing.TestModuleLeaf.RunInternal(DataContext parentDataContext, Int32 iteration, Int32 iterationCount, Boolean skipIteration)
	[codefile] c:\Users\administrator.SIMPSONS\AnkammaRao\repos\test123\SQLDMTestAutomation\SQLDMTestAutomation\SQLDMRecordings\LaunchApplication.cs
	[codeline] 92
	[loglvl] Error
	[itemindex] 3

</errorStackTrace>
          <errorDetails>The test case has errors.</errorDetails>
          <stdout>---[Info] Waiting for 0ms.---
	[timeout] 0
-----------------------------
---[Info] Run application &apos;C:\Program Files\Idera\Idera SQL diagnostic manager\SQLdmDesktopClient.exe&apos; with arguments &apos;&apos; in normal mode.---
	[itemindex] 3
	[codefile] c:\Users\administrator.SIMPSONS\AnkammaRao\repos\test123\SQLDMTestAutomation\SQLDMTestAutomation\SQLDMRecordings\LaunchApplication.cs
-------------------------------------------------------------------------------------------------------------------------------------------
---[Error] Failed to run application &apos;C:\Program Files\Idera\Idera SQL diagnostic manager\SQLdmDesktopClient.exe&apos;.&lt;br/&gt;The system cannot find the file specified---
	[stacktrace]    at Ranorex.Host.RunApplication(String fileName, String arguments, String workingDirectory, Boolean maximized)
   at SQLDMTestAutomation.SQLDMRecordings.LaunchApplication.Ranorex.Core.Testing.ITestModule.Run() in c:\Users\administrator.SIMPSONS\AnkammaRao\repos\test123\SQLDMTestAutomation\SQLDMTestAutomation\SQLDMRecordings\LaunchApplication.cs:line 92
   at Ranorex.Core.Testing.TestModuleLeaf.RunInternal(DataContext parentDataContext, Int32 iteration, Int32 iterationCount, Boolean skipIteration)
	[codefile] c:\Users\administrator.SIMPSONS\AnkammaRao\repos\test123\SQLDMTestAutomation\SQLDMTestAutomation\SQLDMRecordings\LaunchApplication.cs
	[itemindex] 3
-------------------------------------------------------------------------------------------------------------------------------------------------------------------
</stdout>
          <stderr>---[Error] Failed to run application &apos;C:\Program Files\Idera\Idera SQL diagnostic manager\SQLdmDesktopClient.exe&apos;.&lt;br/&gt;The system cannot find the file specified---
	[modulepath] SQLDMTestAutomation\C166355_Verify_Query_Store_option_is_NOT_selected_by_default_for_2017_and_above_versions\LaunchApplication
	[stacktrace]    at Ranorex.Host.RunApplication(String fileName, String arguments, String workingDirectory, Boolean maximized)
   at SQLDMTestAutomation.SQLDMRecordings.LaunchApplication.Ranorex.Core.Testing.ITestModule.Run() in c:\Users\administrator.SIMPSONS\AnkammaRao\repos\test123\SQLDMTestAutomation\SQLDMTestAutomation\SQLDMRecordings\LaunchApplication.cs:line 92
   at Ranorex.Core.Testing.TestModuleLeaf.RunInternal(DataContext parentDataContext, Int32 iteration, Int32 iterationCount, Boolean skipIteration)
	[codefile] c:\Users\administrator.SIMPSONS\AnkammaRao\repos\test123\SQLDMTestAutomation\SQLDMTestAutomation\SQLDMRecordings\LaunchApplication.cs
	[codeline] 92
	[loglvl] Error
	[itemindex] 3

</stderr>
          <failedSince>0</failedSince>
        </case>
      </cases>
    </suite>
  </suites>
  <duration>1.0</duration>
  <keepLongStdio>false</keepLongStdio>
</result>